<?xml version="1.0" encoding="UTF-8"?>
<!-- Generated by org.testng.reporters.JUnitReportReporter -->
<testsuite hostname="Nishanverma.local" name="com.koolkart.pages.SikuliBasedTest" tests="1" failures="0" timestamp="19 May 2012 16:06:35 GMT" time="1.930" errors="0">
  <testcase name="facebook_Login_Verification" time="1.930" classname="com.koolkart.pages.SikuliBasedTest"/>
</testsuite> <!-- com.koolkart.pages.SikuliBasedTest -->
