<?xml version="1.0" encoding="UTF-8"?>
<!-- Generated by org.testng.reporters.JUnitReportReporter -->
<testsuite hostname="Nishanverma.local" name="com.koolkart.pages.HomePage" tests="3" failures="0" timestamp="20 May 2012 16:33:39 GMT" time="0.112" errors="0">
  <testcase name="verify_WhatsIn_section_in_HomePage" time="0.014" classname="com.koolkart.pages.HomePage"/>
  <testcase name="verify_Gadgets_Sections_in_HomePage" time="0.053" classname="com.koolkart.pages.HomePage"/>
  <testcase name="Verify_Best_Deal_inHome_Page" time="0.045" classname="com.koolkart.pages.HomePage"/>
</testsuite> <!-- com.koolkart.pages.HomePage -->
