<?xml version="1.0" encoding="UTF-8"?>
<!-- Generated by org.testng.reporters.JUnitReportReporter -->
<testsuite hostname="Nishants-MacBook-Pro.local" name="com.koolkart.pages.BookPage" tests="4" failures="0" timestamp="26 May 2012 16:16:26 GMT" time="5.856" errors="0">
  <testcase name="verify_Initial_BookPage" time="0.036" classname="com.koolkart.pages.BookPage"/>
  <testcase name="verify_most_popular_on_BookPage" time="1.726" classname="com.koolkart.pages.BookPage"/>
  <testcase name="verify_Book_Search_Test" time="4.070" classname="com.koolkart.pages.BookPage"/>
  <testcase name="verify_SortBy_on_BookPage" time="0.024" classname="com.koolkart.pages.BookPage"/>
</testsuite> <!-- com.koolkart.pages.BookPage -->
