<?xml version="1.0" encoding="UTF-8"?>
<!-- Generated by org.testng.reporters.JUnitReportReporter -->
<testsuite hostname="Nishanverma.local" name="com.koolkart.pages.FeedbackPage" tests="1" failures="0" timestamp="20 May 2012 16:43:15 GMT" time="0.258" errors="0">
  <testcase name="submitFeedback_Test" time="0.258" classname="com.koolkart.pages.FeedbackPage"/>
</testsuite> <!-- com.koolkart.pages.FeedbackPage -->
